# JRE version: Java(TM) SE Runtime Environment 18.9 (11.0.13+10) (build 11.0.13+10-LTS-370)
# Java VM: Java HotSpot(TM) 64-Bit Server VM 18.9 (11.0.13+10-LTS-370, mixed mode, tiered, compressed oops, g1 gc, windows-amd64)
Heap:
 garbage-first heap   total 262144K, used 196004K [0x00000000e0000000, 0x0000000100000000)
  region size 1024K, 123 young (125952K), 9 survivors (9216K)
 Metaspace       used 79147K, capacity 81701K, committed 83916K, reserved 327680K
  class space    used 9637K, capacity 10650K, committed 10956K, reserved 253952K
GC Heap History (10 events):
Event: 7334.519 GC heap before
{Heap before GC invocations=201 (full 0):
 garbage-first heap   total 262144K, used 97504K [0x00000000e0000000, 0x0000000100000000)
  region size 1024K, 12 young (12288K), 10 survivors (10240K)
 Metaspace       used 80584K, capacity 83336K, committed 83916K, reserved 327680K
  class space    used 9808K, capacity 10861K, committed 10956K, reserved 253952K
}
Event: 7334.524 GC heap after
{Heap after GC invocations=202 (full 0):
 garbage-first heap   total 262144K, used 93871K [0x00000000e0000000, 0x0000000100000000)
  region size 1024K, 2 young (2048K), 2 survivors (2048K)
 Metaspace       used 80584K, capacity 83336K, committed 83916K, reserved 327680K
  class space    used 9808K, capacity 10861K, committed 10956K, reserved 253952K
}
Event: 7493.310 GC heap before
{Heap before GC invocations=202 (full 0):
 garbage-first heap   total 262144K, used 207535K [0x00000000e0000000, 0x0000000100000000)
  region size 1024K, 114 young (116736K), 2 survivors (2048K)
 Metaspace       used 80608K, capacity 83350K, committed 83916K, reserved 327680K
  class space    used 9809K, capacity 10863K, committed 10956K, reserved 253952K
}
Event: 7493.315 GC heap after
{Heap after GC invocations=203 (full 0):
 garbage-first heap   total 262144K, used 99704K [0x00000000e0000000, 0x0000000100000000)
  region size 1024K, 8 young (8192K), 8 survivors (8192K)
 Metaspace       used 80608K, capacity 83350K, committed 83916K, reserved 327680K
  class space    used 9809K, capacity 10863K, committed 10956K, reserved 253952K
}
Event: 7513.042 GC heap before
{Heap before GC invocations=204 (full 0):
 garbage-first heap   total 262144K, used 206200K [0x00000000e0000000, 0x0000000100000000)
  region size 1024K, 116 young (118784K), 8 survivors (8192K)
 Metaspace       used 79123K, capacity 81698K, committed 83916K, reserved 327680K
  class space    used 9637K, capacity 10650K, committed 10956K, reserved 253952K
}
Event: 7513.046 GC heap after
{Heap after GC invocations=205 (full 0):
 garbage-first heap   total 262144K, used 95051K [0x00000000e0000000, 0x0000000100000000)
  region size 1024K, 6 young (6144K), 6 survivors (6144K)
 Metaspace       used 79123K, capacity 81698K, committed 83916K, reserved 327680K
  class space    used 9637K, capacity 10650K, committed 10956K, reserved 253952K
}
Event: 7513.056 GC heap before
{Heap before GC invocations=205 (full 0):
 garbage-first heap   total 262144K, used 101195K [0x00000000e0000000, 0x0000000100000000)
  region size 1024K, 12 young (12288K), 6 survivors (6144K)
 Metaspace       used 79123K, capacity 81698K, committed 83916K, reserved 327680K
  class space    used 9637K, capacity 10650K, committed 10956K, reserved 253952K
}
Event: 7513.062 GC heap after
{Heap after GC invocations=206 (full 0):
 garbage-first heap   total 262144K, used 75374K [0x00000000e0000000, 0x0000000100000000)
  region size 1024K, 2 young (2048K), 2 survivors (2048K)
 Metaspace       used 79123K, capacity 81698K, committed 83916K, reserved 327680K
  class space    used 9637K, capacity 10650K, committed 10956K, reserved 253952K
}
Event: 7548.024 GC heap before
{Heap before GC invocations=206 (full 0):
 garbage-first heap   total 262144K, used 204398K [0x00000000e0000000, 0x0000000100000000)
  region size 1024K, 129 young (132096K), 2 survivors (2048K)
 Metaspace       used 79143K, capacity 81701K, committed 83916K, reserved 327680K
  class space    used 9637K, capacity 10650K, committed 10956K, reserved 253952K
}
Event: 7548.030 GC heap after
{Heap after GC invocations=207 (full 0):
 garbage-first heap   total 262144K, used 83364K [0x00000000e0000000, 0x0000000100000000)
  region size 1024K, 9 young (9216K), 9 survivors (9216K)
 Metaspace       used 79143K, capacity 81701K, committed 83916K, reserved 327680K
  class space    used 9637K, capacity 10650K, committed 10956K, reserved 253952K
}

