# JRE version: Java(TM) SE Runtime Environment 18.9 (11.0.13+10) (build 11.0.13+10-LTS-370)
# Java VM: Java HotSpot(TM) 64-Bit Server VM 18.9 (11.0.13+10-LTS-370, mixed mode, tiered, compressed oops, g1 gc, windows-amd64)
Heap:
 garbage-first heap   total 262144K, used 91623K [0x0000000701000000, 0x0000000800000000)
  region size 1024K, 86 young (88064K), 7 survivors (7168K)
 Metaspace       used 30954K, capacity 32103K, committed 32384K, reserved 1077248K
  class space    used 3954K, capacity 4415K, committed 4480K, reserved 1048576K
GC Heap History (7 events):
Event: 0.395 GC heap before
{Heap before GC invocations=0 (full 0):
 garbage-first heap   total 262144K, used 24576K [0x0000000701000000, 0x0000000800000000)
  region size 1024K, 24 young (24576K), 0 survivors (0K)
 Metaspace       used 13056K, capacity 13453K, committed 13696K, reserved 1060864K
  class space    used 1449K, capacity 1612K, committed 1664K, reserved 1048576K
}
Event: 0.398 GC heap after
{Heap after GC invocations=1 (full 0):
 garbage-first heap   total 262144K, used 6654K [0x0000000701000000, 0x0000000800000000)
  region size 1024K, 3 young (3072K), 3 survivors (3072K)
 Metaspace       used 13056K, capacity 13453K, committed 13696K, reserved 1060864K
  class space    used 1449K, capacity 1612K, committed 1664K, reserved 1048576K
}
Event: 0.632 GC heap before
{Heap before GC invocations=1 (full 0):
 garbage-first heap   total 262144K, used 49662K [0x0000000701000000, 0x0000000800000000)
  region size 1024K, 46 young (47104K), 3 survivors (3072K)
 Metaspace       used 20550K, capacity 21164K, committed 21248K, reserved 1067008K
  class space    used 2503K, capacity 2766K, committed 2816K, reserved 1048576K
}
Event: 0.635 GC heap after
{Heap after GC invocations=2 (full 0):
 garbage-first heap   total 262144K, used 9265K [0x0000000701000000, 0x0000000800000000)
  region size 1024K, 6 young (6144K), 6 survivors (6144K)
 Metaspace       used 20550K, capacity 21164K, committed 21248K, reserved 1067008K
  class space    used 2503K, capacity 2766K, committed 2816K, reserved 1048576K
}
Event: 0.729 GC heap before
{Heap before GC invocations=3 (full 0):
 garbage-first heap   total 262144K, used 58417K [0x0000000701000000, 0x0000000800000000)
  region size 1024K, 55 young (56320K), 6 survivors (6144K)
 Metaspace       used 24454K, capacity 25197K, committed 25344K, reserved 1071104K
  class space    used 2970K, capacity 3290K, committed 3328K, reserved 1048576K
}
Event: 0.733 GC heap after
{Heap after GC invocations=4 (full 0):
 garbage-first heap   total 262144K, used 10727K [0x0000000701000000, 0x0000000800000000)
  region size 1024K, 4 young (4096K), 4 survivors (4096K)
 Metaspace       used 24454K, capacity 25197K, committed 25344K, reserved 1071104K
  class space    used 2970K, capacity 3290K, committed 3328K, reserved 1048576K
}
Event: 1.182 GC heap before
{Heap before GC invocations=4 (full 0):
 garbage-first heap   total 262144K, used 90599K [0x0000000701000000, 0x0000000800000000)
  region size 1024K, 83 young (84992K), 4 survivors (4096K)
 Metaspace       used 30954K, capacity 32103K, committed 32384K, reserved 1077248K
  class space    used 3954K, capacity 4415K, committed 4480K, reserved 1048576K
}

