# JRE version: Java(TM) SE Runtime Environment 18.9 (11.0.13+10) (build 11.0.13+10-LTS-370)
# Java VM: Java HotSpot(TM) 64-Bit Server VM 18.9 (11.0.13+10-LTS-370, mixed mode, tiered, compressed oops, g1 gc, windows-amd64)
Heap:
 garbage-first heap   total 262144K, used 162848K [0x0000000701000000, 0x0000000800000000)
  region size 1024K, 158 young (161792K), 15 survivors (15360K)
 Metaspace       used 55732K, capacity 57275K, committed 57472K, reserved 1099776K
  class space    used 7430K, capacity 8055K, committed 8064K, reserved 1048576K
GC Heap History (9 events):
Event: 0.397 GC heap before
{Heap before GC invocations=0 (full 0):
 garbage-first heap   total 262144K, used 24576K [0x0000000701000000, 0x0000000800000000)
  region size 1024K, 24 young (24576K), 0 survivors (0K)
 Metaspace       used 12853K, capacity 13127K, committed 13440K, reserved 1060864K
  class space    used 1416K, capacity 1546K, committed 1664K, reserved 1048576K
}
Event: 0.400 GC heap after
{Heap after GC invocations=1 (full 0):
 garbage-first heap   total 262144K, used 6718K [0x0000000701000000, 0x0000000800000000)
  region size 1024K, 3 young (3072K), 3 survivors (3072K)
 Metaspace       used 12853K, capacity 13127K, committed 13440K, reserved 1060864K
  class space    used 1416K, capacity 1546K, committed 1664K, reserved 1048576K
}
Event: 0.628 GC heap before
{Heap before GC invocations=1 (full 0):
 garbage-first heap   total 262144K, used 52798K [0x0000000701000000, 0x0000000800000000)
  region size 1024K, 49 young (50176K), 3 survivors (3072K)
 Metaspace       used 20554K, capacity 21135K, committed 21248K, reserved 1067008K
  class space    used 2514K, capacity 2754K, committed 2816K, reserved 1048576K
}
Event: 0.632 GC heap after
{Heap after GC invocations=2 (full 0):
 garbage-first heap   total 262144K, used 8910K [0x0000000701000000, 0x0000000800000000)
  region size 1024K, 6 young (6144K), 6 survivors (6144K)
 Metaspace       used 20554K, capacity 21135K, committed 21248K, reserved 1067008K
  class space    used 2514K, capacity 2754K, committed 2816K, reserved 1048576K
}
Event: 0.838 GC heap before
{Heap before GC invocations=3 (full 0):
 garbage-first heap   total 262144K, used 62158K [0x0000000701000000, 0x0000000800000000)
  region size 1024K, 58 young (59392K), 6 survivors (6144K)
 Metaspace       used 25638K, capacity 26487K, committed 26624K, reserved 1073152K
  class space    used 3170K, capacity 3504K, committed 3584K, reserved 1048576K
}
Event: 0.843 GC heap after
{Heap after GC invocations=4 (full 0):
 garbage-first heap   total 262144K, used 11545K [0x0000000701000000, 0x0000000800000000)
  region size 1024K, 5 young (5120K), 5 survivors (5120K)
 Metaspace       used 25638K, capacity 26487K, committed 26624K, reserved 1073152K
  class space    used 3170K, capacity 3504K, committed 3584K, reserved 1048576K
}
Event: 1.329 GC heap before
{Heap before GC invocations=4 (full 0):
 garbage-first heap   total 262144K, used 153881K [0x0000000701000000, 0x0000000800000000)
  region size 1024K, 146 young (149504K), 5 survivors (5120K)
 Metaspace       used 34408K, capacity 35617K, committed 35840K, reserved 1081344K
  class space    used 4352K, capacity 4853K, committed 4864K, reserved 1048576K
}
Event: 1.335 GC heap after
{Heap after GC invocations=5 (full 0):
 garbage-first heap   total 262144K, used 16416K [0x0000000701000000, 0x0000000800000000)
  region size 1024K, 10 young (10240K), 10 survivors (10240K)
 Metaspace       used 34408K, capacity 35617K, committed 35840K, reserved 1081344K
  class space    used 4352K, capacity 4853K, committed 4864K, reserved 1048576K
}
Event: 2.399 GC heap before
{Heap before GC invocations=6 (full 0):
 garbage-first heap   total 262144K, used 162848K [0x0000000701000000, 0x0000000800000000)
  region size 1024K, 153 young (156672K), 10 survivors (10240K)
 Metaspace       used 55732K, capacity 57275K, committed 57472K, reserved 1099776K
  class space    used 7430K, capacity 8055K, committed 8064K, reserved 1048576K
}

