# JRE version: Java(TM) SE Runtime Environment 18.9 (11.0.13+10) (build 11.0.13+10-LTS-370)
# Java VM: Java HotSpot(TM) 64-Bit Server VM 18.9 (11.0.13+10-LTS-370, mixed mode, tiered, compressed oops, g1 gc, windows-amd64)
Heap:
 garbage-first heap   total 315392K, used 45836K [0x0000000701000000, 0x0000000800000000)
  region size 1024K, 41 young (41984K), 19 survivors (19456K)
 Metaspace       used 60906K, capacity 62525K, committed 62848K, reserved 1103872K
  class space    used 8111K, capacity 8758K, committed 8832K, reserved 1048576K
GC Heap History (10 events):
Event: 0.618 GC heap before
{Heap before GC invocations=1 (full 0):
 garbage-first heap   total 262144K, used 52837K [0x0000000701000000, 0x0000000800000000)
  region size 1024K, 49 young (50176K), 3 survivors (3072K)
 Metaspace       used 20548K, capacity 21135K, committed 21248K, reserved 1067008K
  class space    used 2506K, capacity 2754K, committed 2816K, reserved 1048576K
}
Event: 0.622 GC heap after
{Heap after GC invocations=2 (full 0):
 garbage-first heap   total 262144K, used 9205K [0x0000000701000000, 0x0000000800000000)
  region size 1024K, 6 young (6144K), 6 survivors (6144K)
 Metaspace       used 20548K, capacity 21135K, committed 21248K, reserved 1067008K
  class space    used 2506K, capacity 2754K, committed 2816K, reserved 1048576K
}
Event: 0.804 GC heap before
{Heap before GC invocations=3 (full 0):
 garbage-first heap   total 262144K, used 56309K [0x0000000701000000, 0x0000000800000000)
  region size 1024K, 53 young (54272K), 6 survivors (6144K)
 Metaspace       used 25443K, capacity 26236K, committed 26368K, reserved 1073152K
  class space    used 3127K, capacity 3465K, committed 3584K, reserved 1048576K
}
Event: 0.808 GC heap after
{Heap after GC invocations=4 (full 0):
 garbage-first heap   total 262144K, used 11945K [0x0000000701000000, 0x0000000800000000)
  region size 1024K, 6 young (6144K), 6 survivors (6144K)
 Metaspace       used 25443K, capacity 26236K, committed 26368K, reserved 1073152K
  class space    used 3127K, capacity 3465K, committed 3584K, reserved 1048576K
}
Event: 1.192 GC heap before
{Heap before GC invocations=4 (full 0):
 garbage-first heap   total 262144K, used 104105K [0x0000000701000000, 0x0000000800000000)
  region size 1024K, 97 young (99328K), 6 survivors (6144K)
 Metaspace       used 31817K, capacity 32887K, committed 32896K, reserved 1077248K
  class space    used 4035K, capacity 4478K, committed 4480K, reserved 1048576K
}
Event: 1.196 GC heap after
{Heap after GC invocations=5 (full 0):
 garbage-first heap   total 262144K, used 15349K [0x0000000701000000, 0x0000000800000000)
  region size 1024K, 9 young (9216K), 9 survivors (9216K)
 Metaspace       used 31817K, capacity 32887K, committed 32896K, reserved 1077248K
  class space    used 4035K, capacity 4478K, committed 4480K, reserved 1048576K
}
Event: 1.329 GC heap before
{Heap before GC invocations=5 (full 0):
 garbage-first heap   total 262144K, used 69621K [0x0000000701000000, 0x0000000800000000)
  region size 1024K, 64 young (65536K), 9 survivors (9216K)
 Metaspace       used 34446K, capacity 35617K, committed 35840K, reserved 1081344K
  class space    used 4355K, capacity 4853K, committed 4864K, reserved 1048576K
}
Event: 1.335 GC heap after
{Heap after GC invocations=6 (full 0):
 garbage-first heap   total 315392K, used 16647K [0x0000000701000000, 0x0000000800000000)
  region size 1024K, 10 young (10240K), 10 survivors (10240K)
 Metaspace       used 34446K, capacity 35617K, committed 35840K, reserved 1081344K
  class space    used 4355K, capacity 4853K, committed 4864K, reserved 1048576K
}
Event: 3.202 GC heap before
{Heap before GC invocations=7 (full 0):
 garbage-first heap   total 315392K, used 182535K [0x0000000701000000, 0x0000000800000000)
  region size 1024K, 173 young (177152K), 10 survivors (10240K)
 Metaspace       used 58259K, capacity 59851K, committed 59904K, reserved 1101824K
  class space    used 7755K, capacity 8400K, committed 8448K, reserved 1048576K
}
Event: 3.213 GC heap after
{Heap after GC invocations=8 (full 0):
 garbage-first heap   total 315392K, used 25356K [0x0000000701000000, 0x0000000800000000)
  region size 1024K, 19 young (19456K), 19 survivors (19456K)
 Metaspace       used 58259K, capacity 59851K, committed 59904K, reserved 1101824K
  class space    used 7755K, capacity 8400K, committed 8448K, reserved 1048576K
}

