# JRE version: Java(TM) SE Runtime Environment 18.9 (11.0.13+10) (build 11.0.13+10-LTS-370)
# Java VM: Java HotSpot(TM) 64-Bit Server VM 18.9 (11.0.13+10-LTS-370, mixed mode, tiered, compressed oops, g1 gc, windows-amd64)
Heap:
 garbage-first heap   total 262144K, used 212185K [0x00000000e0000000, 0x0000000100000000)
  region size 1024K, 90 young (92160K), 9 survivors (9216K)
 Metaspace       used 77577K, capacity 80212K, committed 83072K, reserved 327680K
  class space    used 9385K, capacity 10330K, committed 10880K, reserved 253952K
GC Heap History (10 events):
Event: 1292.419 GC heap before
{Heap before GC invocations=37 (full 0):
 garbage-first heap   total 262144K, used 206922K [0x00000000e0000000, 0x0000000100000000)
  region size 1024K, 113 young (115712K), 16 survivors (16384K)
 Metaspace       used 75667K, capacity 78199K, committed 83072K, reserved 327680K
  class space    used 9210K, capacity 10117K, committed 10880K, reserved 253952K
}
Event: 1292.427 GC heap after
{Heap after GC invocations=38 (full 0):
 garbage-first heap   total 262144K, used 111578K [0x00000000e0000000, 0x0000000100000000)
  region size 1024K, 3 young (3072K), 3 survivors (3072K)
 Metaspace       used 75667K, capacity 78199K, committed 83072K, reserved 327680K
  class space    used 9210K, capacity 10117K, committed 10880K, reserved 253952K
}
Event: 1298.497 GC heap before
{Heap before GC invocations=38 (full 0):
 garbage-first heap   total 262144K, used 210906K [0x00000000e0000000, 0x0000000100000000)
  region size 1024K, 100 young (102400K), 3 survivors (3072K)
 Metaspace       used 76051K, capacity 78642K, committed 83072K, reserved 327680K
  class space    used 9221K, capacity 10152K, committed 10880K, reserved 253952K
}
Event: 1298.502 GC heap after
{Heap after GC invocations=39 (full 0):
 garbage-first heap   total 262144K, used 117474K [0x00000000e0000000, 0x0000000100000000)
  region size 1024K, 9 young (9216K), 9 survivors (9216K)
 Metaspace       used 76051K, capacity 78642K, committed 83072K, reserved 327680K
  class space    used 9221K, capacity 10152K, committed 10880K, reserved 253952K
}
Event: 1320.347 GC heap before
{Heap before GC invocations=39 (full 0):
 garbage-first heap   total 262144K, used 211682K [0x00000000e0000000, 0x0000000100000000)
  region size 1024K, 102 young (104448K), 9 survivors (9216K)
 Metaspace       used 76123K, capacity 78709K, committed 83072K, reserved 327680K
  class space    used 9221K, capacity 10152K, committed 10880K, reserved 253952K
}
Event: 1320.351 GC heap after
{Heap after GC invocations=40 (full 0):
 garbage-first heap   total 262144K, used 117237K [0x00000000e0000000, 0x0000000100000000)
  region size 1024K, 3 young (3072K), 3 survivors (3072K)
 Metaspace       used 76123K, capacity 78709K, committed 83072K, reserved 327680K
  class space    used 9221K, capacity 10152K, committed 10880K, reserved 253952K
}
Event: 1320.571 GC heap before
{Heap before GC invocations=40 (full 0):
 garbage-first heap   total 262144K, used 214517K [0x00000000e0000000, 0x0000000100000000)
  region size 1024K, 99 young (101376K), 3 survivors (3072K)
 Metaspace       used 76134K, capacity 78710K, committed 83072K, reserved 327680K
  class space    used 9221K, capacity 10152K, committed 10880K, reserved 253952K
}
Event: 1320.576 GC heap after
{Heap after GC invocations=41 (full 0):
 garbage-first heap   total 262144K, used 123557K [0x00000000e0000000, 0x0000000100000000)
  region size 1024K, 10 young (10240K), 10 survivors (10240K)
 Metaspace       used 76134K, capacity 78710K, committed 83072K, reserved 327680K
  class space    used 9221K, capacity 10152K, committed 10880K, reserved 253952K
}
Event: 1320.697 GC heap before
{Heap before GC invocations=41 (full 0):
 garbage-first heap   total 262144K, used 215717K [0x00000000e0000000, 0x0000000100000000)
  region size 1024K, 99 young (101376K), 10 survivors (10240K)
 Metaspace       used 76207K, capacity 78870K, committed 83072K, reserved 327680K
  class space    used 9227K, capacity 10160K, committed 10880K, reserved 253952K
}
Event: 1320.702 GC heap after
{Heap after GC invocations=42 (full 0):
 garbage-first heap   total 262144K, used 131289K [0x00000000e0000000, 0x0000000100000000)
  region size 1024K, 9 young (9216K), 9 survivors (9216K)
 Metaspace       used 76207K, capacity 78870K, committed 83072K, reserved 327680K
  class space    used 9227K, capacity 10160K, committed 10880K, reserved 253952K
}

